<?xml version="1.0" encoding="UTF-8"?>
<!-- Generated by org.testng.reporters.JUnitXMLReporter -->
<testsuite hostname="SHREEG-PC" ignored="0" name="Default test" tests="5" failures="0" timestamp="2020-07-31T15:25:13 IST" time="13.254" errors="0">
  <testcase name="getWeatherWithOutRegister" time="7.796" classname="WeatherMapAPI.WeatherMapAPIRequests"/>
  <testcase name="postStation" time="1.652" classname="WeatherMapAPI.WeatherMapAPIRequests"/>
  <testcase name="getStations" time="0.887" classname="WeatherMapAPI.WeatherMapAPIRequests"/>
  <testcase name="deleteStations" time="1.597" classname="WeatherMapAPI.WeatherMapAPIRequests"/>
  <testcase name="TryRedeleteStations" time="1.28" classname="WeatherMapAPI.WeatherMapAPIRequests"/>
</testsuite> <!-- Default test -->
