<?xml version="1.0" encoding="UTF-8"?>
<testng-results skipped="0" failed="0" ignored="0" total="7" passed="7">
  <reporter-output>
  </reporter-output>
  <suite name="Suite" duration-ms="51060" started-at="2020-07-31T15:25:46 IST" finished-at="2020-07-31T15:26:37 IST">
    <groups>
    </groups>
    <test name="Test" duration-ms="51060" started-at="2020-07-31T15:25:46 IST" finished-at="2020-07-31T15:26:37 IST">
      <class name="Test_Cases.TC1_DefaultPage001">
        <test-method status="PASS" signature="VerifyDefaultPageAndSignIn()[pri:0, instance:Test_Cases.TC1_DefaultPage001@fad74ee]" name="VerifyDefaultPageAndSignIn" duration-ms="38769" started-at="2020-07-31T15:25:46 IST" finished-at="2020-07-31T15:26:24 IST">
          <reporter-output>
          </reporter-output>
        </test-method> <!-- VerifyDefaultPageAndSignIn -->
        <test-method status="PASS" signature="verifyCheckOut()[pri:0, instance:Test_Cases.TC1_DefaultPage001@fad74ee]" name="verifyCheckOut" duration-ms="3309" started-at="2020-07-31T15:26:24 IST" finished-at="2020-07-31T15:26:28 IST">
          <reporter-output>
          </reporter-output>
        </test-method> <!-- verifyCheckOut -->
        <test-method status="PASS" signature="tearDown()[pri:0, instance:Test_Cases.TC1_DefaultPage001@fad74ee]" name="tearDown" is-config="true" duration-ms="247" started-at="2020-07-31T15:26:28 IST" finished-at="2020-07-31T15:26:28 IST">
          <reporter-output>
          </reporter-output>
        </test-method> <!-- tearDown -->
      </class> <!-- Test_Cases.TC1_DefaultPage001 -->
      <class name="WeatherMapAPI.WeatherMapAPIRequests">
        <test-method status="PASS" signature="getWeatherWithOutRegister()[pri:1, instance:WeatherMapAPI.WeatherMapAPIRequests@1a1d6a08]" name="getWeatherWithOutRegister" duration-ms="3215" started-at="2020-07-31T15:26:28 IST" finished-at="2020-07-31T15:26:31 IST">
          <reporter-output>
          </reporter-output>
        </test-method> <!-- getWeatherWithOutRegister -->
        <test-method status="PASS" signature="postStation()[pri:1, instance:WeatherMapAPI.WeatherMapAPIRequests@1a1d6a08]" name="postStation" duration-ms="2008" started-at="2020-07-31T15:26:31 IST" finished-at="2020-07-31T15:26:33 IST">
          <reporter-output>
          </reporter-output>
        </test-method> <!-- postStation -->
        <test-method status="PASS" signature="getStations()[pri:2, instance:WeatherMapAPI.WeatherMapAPIRequests@1a1d6a08]" name="getStations" duration-ms="915" started-at="2020-07-31T15:26:33 IST" finished-at="2020-07-31T15:26:34 IST">
          <reporter-output>
          </reporter-output>
        </test-method> <!-- getStations -->
        <test-method status="PASS" signature="deleteStations()[pri:3, instance:WeatherMapAPI.WeatherMapAPIRequests@1a1d6a08]" name="deleteStations" duration-ms="1268" started-at="2020-07-31T15:26:34 IST" finished-at="2020-07-31T15:26:35 IST">
          <reporter-output>
          </reporter-output>
        </test-method> <!-- deleteStations -->
        <test-method status="PASS" signature="TryRedeleteStations()[pri:4, instance:WeatherMapAPI.WeatherMapAPIRequests@1a1d6a08]" name="TryRedeleteStations" duration-ms="1281" started-at="2020-07-31T15:26:35 IST" finished-at="2020-07-31T15:26:37 IST">
          <reporter-output>
          </reporter-output>
        </test-method> <!-- TryRedeleteStations -->
      </class> <!-- WeatherMapAPI.WeatherMapAPIRequests -->
    </test> <!-- Test -->
  </suite> <!-- Suite -->
</testng-results>
