<?xml version="1.0" encoding="UTF-8"?>
<!-- Generated by org.testng.reporters.JUnitXMLReporter -->
<testsuite hostname="SHREEG-PC" ignored="0" name="Test" tests="7" failures="0" timestamp="2020-07-31T15:26:37 IST" time="51.06" errors="0">
  <testcase name="VerifyDefaultPageAndSignIn" time="38.769" classname="Test_Cases.TC1_DefaultPage001"/>
  <testcase name="verifyCheckOut" time="3.309" classname="Test_Cases.TC1_DefaultPage001"/>
  <testcase name="getWeatherWithOutRegister" time="3.215" classname="WeatherMapAPI.WeatherMapAPIRequests"/>
  <testcase name="postStation" time="2.008" classname="WeatherMapAPI.WeatherMapAPIRequests"/>
  <testcase name="getStations" time="0.915" classname="WeatherMapAPI.WeatherMapAPIRequests"/>
  <testcase name="deleteStations" time="1.268" classname="WeatherMapAPI.WeatherMapAPIRequests"/>
  <testcase name="TryRedeleteStations" time="1.281" classname="WeatherMapAPI.WeatherMapAPIRequests"/>
</testsuite> <!-- Test -->
